running egg_info
creating ../../build/door_handle/door_handle.egg-info
writing ../../build/door_handle/door_handle.egg-info/PKG-INFO
writing dependency_links to ../../build/door_handle/door_handle.egg-info/dependency_links.txt
writing entry points to ../../build/door_handle/door_handle.egg-info/entry_points.txt
writing requirements to ../../build/door_handle/door_handle.egg-info/requires.txt
writing top-level names to ../../build/door_handle/door_handle.egg-info/top_level.txt
writing manifest file '../../build/door_handle/door_handle.egg-info/SOURCES.txt'
reading manifest file '../../build/door_handle/door_handle.egg-info/SOURCES.txt'
writing manifest file '../../build/door_handle/door_handle.egg-info/SOURCES.txt'
running build
running build_py
creating /home/sahil-dev/Sereact/bin-picking-cell-control/ros_ws/build/door_handle/build
creating /home/sahil-dev/Sereact/bin-picking-cell-control/ros_ws/build/door_handle/build/lib
creating /home/sahil-dev/Sereact/bin-picking-cell-control/ros_ws/build/door_handle/build/lib/door_handle
copying door_handle/__init__.py -> /home/sahil-dev/Sereact/bin-picking-cell-control/ros_ws/build/door_handle/build/lib/door_handle
copying door_handle/door_node.py -> /home/sahil-dev/Sereact/bin-picking-cell-control/ros_ws/build/door_handle/build/lib/door_handle
running install
running install_lib
creating /home/sahil-dev/Sereact/bin-picking-cell-control/ros_ws/install/door_handle/lib/python3.10/site-packages/door_handle
copying /home/sahil-dev/Sereact/bin-picking-cell-control/ros_ws/build/door_handle/build/lib/door_handle/__init__.py -> /home/sahil-dev/Sereact/bin-picking-cell-control/ros_ws/install/door_handle/lib/python3.10/site-packages/door_handle
copying /home/sahil-dev/Sereact/bin-picking-cell-control/ros_ws/build/door_handle/build/lib/door_handle/door_node.py -> /home/sahil-dev/Sereact/bin-picking-cell-control/ros_ws/install/door_handle/lib/python3.10/site-packages/door_handle
byte-compiling /home/sahil-dev/Sereact/bin-picking-cell-control/ros_ws/install/door_handle/lib/python3.10/site-packages/door_handle/__init__.py to __init__.cpython-310.pyc
byte-compiling /home/sahil-dev/Sereact/bin-picking-cell-control/ros_ws/install/door_handle/lib/python3.10/site-packages/door_handle/door_node.py to door_node.cpython-310.pyc
running install_data
creating /home/sahil-dev/Sereact/bin-picking-cell-control/ros_ws/install/door_handle/share/ament_index
creating /home/sahil-dev/Sereact/bin-picking-cell-control/ros_ws/install/door_handle/share/ament_index/resource_index
creating /home/sahil-dev/Sereact/bin-picking-cell-control/ros_ws/install/door_handle/share/ament_index/resource_index/packages
copying resource/door_handle -> /home/sahil-dev/Sereact/bin-picking-cell-control/ros_ws/install/door_handle/share/ament_index/resource_index/packages
copying package.xml -> /home/sahil-dev/Sereact/bin-picking-cell-control/ros_ws/install/door_handle/share/door_handle
running install_egg_info
Copying ../../build/door_handle/door_handle.egg-info to /home/sahil-dev/Sereact/bin-picking-cell-control/ros_ws/install/door_handle/lib/python3.10/site-packages/door_handle-0.0.0-py3.10.egg-info
running install_scripts
writing list of installed files to '/home/sahil-dev/Sereact/bin-picking-cell-control/ros_ws/build/door_handle/install.log'
