[0.875s] Invoking command in '/home/sahil-dev/Sereact/bin-picking-cell-control/ros_ws/src/door_handle': PYTHONPATH=/home/sahil-dev/Sereact/bin-picking-cell-control/ros_ws/build/door_handle/prefix_override:/usr/lib/python3/dist-packages/colcon_core/task/python/colcon_distutils_commands:/home/sahil-dev/Sereact/bin-picking-cell-control/ros_ws/install/door_handle/lib/python3.10/site-packages:${PYTHONPATH} /usr/bin/python3 -W ignore:setup.py install is deprecated -W ignore:easy_install command is deprecated setup.py egg_info --egg-base ../../build/door_handle build --build-base /home/sahil-dev/Sereact/bin-picking-cell-control/ros_ws/build/door_handle/build install --record /home/sahil-dev/Sereact/bin-picking-cell-control/ros_ws/build/door_handle/install.log --single-version-externally-managed install_data
[1.029s] running egg_info
[1.030s] creating ../../build/door_handle/door_handle.egg-info
[1.030s] writing ../../build/door_handle/door_handle.egg-info/PKG-INFO
[1.030s] writing dependency_links to ../../build/door_handle/door_handle.egg-info/dependency_links.txt
[1.030s] writing entry points to ../../build/door_handle/door_handle.egg-info/entry_points.txt
[1.030s] writing requirements to ../../build/door_handle/door_handle.egg-info/requires.txt
[1.030s] writing top-level names to ../../build/door_handle/door_handle.egg-info/top_level.txt
[1.031s] writing manifest file '../../build/door_handle/door_handle.egg-info/SOURCES.txt'
[1.031s] reading manifest file '../../build/door_handle/door_handle.egg-info/SOURCES.txt'
[1.031s] writing manifest file '../../build/door_handle/door_handle.egg-info/SOURCES.txt'
[1.031s] running build
[1.031s] running build_py
[1.032s] creating /home/sahil-dev/Sereact/bin-picking-cell-control/ros_ws/build/door_handle/build
[1.032s] creating /home/sahil-dev/Sereact/bin-picking-cell-control/ros_ws/build/door_handle/build/lib
[1.032s] creating /home/sahil-dev/Sereact/bin-picking-cell-control/ros_ws/build/door_handle/build/lib/door_handle
[1.032s] copying door_handle/__init__.py -> /home/sahil-dev/Sereact/bin-picking-cell-control/ros_ws/build/door_handle/build/lib/door_handle
[1.032s] copying door_handle/door_node.py -> /home/sahil-dev/Sereact/bin-picking-cell-control/ros_ws/build/door_handle/build/lib/door_handle
[1.032s] running install
[1.032s] running install_lib
[1.033s] creating /home/sahil-dev/Sereact/bin-picking-cell-control/ros_ws/install/door_handle/lib/python3.10/site-packages/door_handle
[1.033s] copying /home/sahil-dev/Sereact/bin-picking-cell-control/ros_ws/build/door_handle/build/lib/door_handle/__init__.py -> /home/sahil-dev/Sereact/bin-picking-cell-control/ros_ws/install/door_handle/lib/python3.10/site-packages/door_handle
[1.033s] copying /home/sahil-dev/Sereact/bin-picking-cell-control/ros_ws/build/door_handle/build/lib/door_handle/door_node.py -> /home/sahil-dev/Sereact/bin-picking-cell-control/ros_ws/install/door_handle/lib/python3.10/site-packages/door_handle
[1.033s] byte-compiling /home/sahil-dev/Sereact/bin-picking-cell-control/ros_ws/install/door_handle/lib/python3.10/site-packages/door_handle/__init__.py to __init__.cpython-310.pyc
[1.033s] byte-compiling /home/sahil-dev/Sereact/bin-picking-cell-control/ros_ws/install/door_handle/lib/python3.10/site-packages/door_handle/door_node.py to door_node.cpython-310.pyc
[1.034s] running install_data
[1.034s] creating /home/sahil-dev/Sereact/bin-picking-cell-control/ros_ws/install/door_handle/share/ament_index
[1.034s] creating /home/sahil-dev/Sereact/bin-picking-cell-control/ros_ws/install/door_handle/share/ament_index/resource_index
[1.034s] creating /home/sahil-dev/Sereact/bin-picking-cell-control/ros_ws/install/door_handle/share/ament_index/resource_index/packages
[1.034s] copying resource/door_handle -> /home/sahil-dev/Sereact/bin-picking-cell-control/ros_ws/install/door_handle/share/ament_index/resource_index/packages
[1.034s] copying package.xml -> /home/sahil-dev/Sereact/bin-picking-cell-control/ros_ws/install/door_handle/share/door_handle
[1.035s] running install_egg_info
[1.035s] Copying ../../build/door_handle/door_handle.egg-info to /home/sahil-dev/Sereact/bin-picking-cell-control/ros_ws/install/door_handle/lib/python3.10/site-packages/door_handle-0.0.0-py3.10.egg-info
[1.036s] running install_scripts
[1.049s] writing list of installed files to '/home/sahil-dev/Sereact/bin-picking-cell-control/ros_ws/build/door_handle/install.log'
[1.079s] Invoked command in '/home/sahil-dev/Sereact/bin-picking-cell-control/ros_ws/src/door_handle' returned '0': PYTHONPATH=/home/sahil-dev/Sereact/bin-picking-cell-control/ros_ws/build/door_handle/prefix_override:/usr/lib/python3/dist-packages/colcon_core/task/python/colcon_distutils_commands:/home/sahil-dev/Sereact/bin-picking-cell-control/ros_ws/install/door_handle/lib/python3.10/site-packages:${PYTHONPATH} /usr/bin/python3 -W ignore:setup.py install is deprecated -W ignore:easy_install command is deprecated setup.py egg_info --egg-base ../../build/door_handle build --build-base /home/sahil-dev/Sereact/bin-picking-cell-control/ros_ws/build/door_handle/build install --record /home/sahil-dev/Sereact/bin-picking-cell-control/ros_ws/build/door_handle/install.log --single-version-externally-managed install_data
