running egg_info
creating ../../build/barcode_scanner/barcode_scanner.egg-info
writing ../../build/barcode_scanner/barcode_scanner.egg-info/PKG-INFO
writing dependency_links to ../../build/barcode_scanner/barcode_scanner.egg-info/dependency_links.txt
writing entry points to ../../build/barcode_scanner/barcode_scanner.egg-info/entry_points.txt
writing requirements to ../../build/barcode_scanner/barcode_scanner.egg-info/requires.txt
writing top-level names to ../../build/barcode_scanner/barcode_scanner.egg-info/top_level.txt
writing manifest file '../../build/barcode_scanner/barcode_scanner.egg-info/SOURCES.txt'
reading manifest file '../../build/barcode_scanner/barcode_scanner.egg-info/SOURCES.txt'
writing manifest file '../../build/barcode_scanner/barcode_scanner.egg-info/SOURCES.txt'
running build
running build_py
creating /home/sahil-dev/Sereact/bin-picking-cell-control/ros_ws/build/barcode_scanner/build
creating /home/sahil-dev/Sereact/bin-picking-cell-control/ros_ws/build/barcode_scanner/build/lib
creating /home/sahil-dev/Sereact/bin-picking-cell-control/ros_ws/build/barcode_scanner/build/lib/barcode_scanner
copying barcode_scanner/scanner_node.py -> /home/sahil-dev/Sereact/bin-picking-cell-control/ros_ws/build/barcode_scanner/build/lib/barcode_scanner
copying barcode_scanner/__init__.py -> /home/sahil-dev/Sereact/bin-picking-cell-control/ros_ws/build/barcode_scanner/build/lib/barcode_scanner
running install
running install_lib
creating /home/sahil-dev/Sereact/bin-picking-cell-control/ros_ws/install/barcode_scanner/lib/python3.10/site-packages/barcode_scanner
copying /home/sahil-dev/Sereact/bin-picking-cell-control/ros_ws/build/barcode_scanner/build/lib/barcode_scanner/scanner_node.py -> /home/sahil-dev/Sereact/bin-picking-cell-control/ros_ws/install/barcode_scanner/lib/python3.10/site-packages/barcode_scanner
copying /home/sahil-dev/Sereact/bin-picking-cell-control/ros_ws/build/barcode_scanner/build/lib/barcode_scanner/__init__.py -> /home/sahil-dev/Sereact/bin-picking-cell-control/ros_ws/install/barcode_scanner/lib/python3.10/site-packages/barcode_scanner
byte-compiling /home/sahil-dev/Sereact/bin-picking-cell-control/ros_ws/install/barcode_scanner/lib/python3.10/site-packages/barcode_scanner/scanner_node.py to scanner_node.cpython-310.pyc
byte-compiling /home/sahil-dev/Sereact/bin-picking-cell-control/ros_ws/install/barcode_scanner/lib/python3.10/site-packages/barcode_scanner/__init__.py to __init__.cpython-310.pyc
running install_data
creating /home/sahil-dev/Sereact/bin-picking-cell-control/ros_ws/install/barcode_scanner/share/ament_index
creating /home/sahil-dev/Sereact/bin-picking-cell-control/ros_ws/install/barcode_scanner/share/ament_index/resource_index
creating /home/sahil-dev/Sereact/bin-picking-cell-control/ros_ws/install/barcode_scanner/share/ament_index/resource_index/packages
copying resource/barcode_scanner -> /home/sahil-dev/Sereact/bin-picking-cell-control/ros_ws/install/barcode_scanner/share/ament_index/resource_index/packages
copying package.xml -> /home/sahil-dev/Sereact/bin-picking-cell-control/ros_ws/install/barcode_scanner/share/barcode_scanner
running install_egg_info
Copying ../../build/barcode_scanner/barcode_scanner.egg-info to /home/sahil-dev/Sereact/bin-picking-cell-control/ros_ws/install/barcode_scanner/lib/python3.10/site-packages/barcode_scanner-0.0.0-py3.10.egg-info
running install_scripts
writing list of installed files to '/home/sahil-dev/Sereact/bin-picking-cell-control/ros_ws/build/barcode_scanner/install.log'
