[0.883s] Invoking command in '/home/sahil-dev/Sereact/bin-picking-cell-control/ros_ws/src/barcode_scanner': PYTHONPATH=/home/sahil-dev/Sereact/bin-picking-cell-control/ros_ws/build/barcode_scanner/prefix_override:/usr/lib/python3/dist-packages/colcon_core/task/python/colcon_distutils_commands:/home/sahil-dev/Sereact/bin-picking-cell-control/ros_ws/install/barcode_scanner/lib/python3.10/site-packages:${PYTHONPATH} /usr/bin/python3 -W ignore:setup.py install is deprecated -W ignore:easy_install command is deprecated setup.py egg_info --egg-base ../../build/barcode_scanner build --build-base /home/sahil-dev/Sereact/bin-picking-cell-control/ros_ws/build/barcode_scanner/build install --record /home/sahil-dev/Sereact/bin-picking-cell-control/ros_ws/build/barcode_scanner/install.log --single-version-externally-managed install_data
[1.038s] running egg_info
[1.038s] creating ../../build/barcode_scanner/barcode_scanner.egg-info
[1.038s] writing ../../build/barcode_scanner/barcode_scanner.egg-info/PKG-INFO
[1.039s] writing dependency_links to ../../build/barcode_scanner/barcode_scanner.egg-info/dependency_links.txt
[1.039s] writing entry points to ../../build/barcode_scanner/barcode_scanner.egg-info/entry_points.txt
[1.039s] writing requirements to ../../build/barcode_scanner/barcode_scanner.egg-info/requires.txt
[1.039s] writing top-level names to ../../build/barcode_scanner/barcode_scanner.egg-info/top_level.txt
[1.040s] writing manifest file '../../build/barcode_scanner/barcode_scanner.egg-info/SOURCES.txt'
[1.040s] reading manifest file '../../build/barcode_scanner/barcode_scanner.egg-info/SOURCES.txt'
[1.040s] writing manifest file '../../build/barcode_scanner/barcode_scanner.egg-info/SOURCES.txt'
[1.040s] running build
[1.040s] running build_py
[1.041s] creating /home/sahil-dev/Sereact/bin-picking-cell-control/ros_ws/build/barcode_scanner/build
[1.041s] creating /home/sahil-dev/Sereact/bin-picking-cell-control/ros_ws/build/barcode_scanner/build/lib
[1.041s] creating /home/sahil-dev/Sereact/bin-picking-cell-control/ros_ws/build/barcode_scanner/build/lib/barcode_scanner
[1.041s] copying barcode_scanner/scanner_node.py -> /home/sahil-dev/Sereact/bin-picking-cell-control/ros_ws/build/barcode_scanner/build/lib/barcode_scanner
[1.041s] copying barcode_scanner/__init__.py -> /home/sahil-dev/Sereact/bin-picking-cell-control/ros_ws/build/barcode_scanner/build/lib/barcode_scanner
[1.041s] running install
[1.041s] running install_lib
[1.041s] creating /home/sahil-dev/Sereact/bin-picking-cell-control/ros_ws/install/barcode_scanner/lib/python3.10/site-packages/barcode_scanner
[1.041s] copying /home/sahil-dev/Sereact/bin-picking-cell-control/ros_ws/build/barcode_scanner/build/lib/barcode_scanner/scanner_node.py -> /home/sahil-dev/Sereact/bin-picking-cell-control/ros_ws/install/barcode_scanner/lib/python3.10/site-packages/barcode_scanner
[1.042s] copying /home/sahil-dev/Sereact/bin-picking-cell-control/ros_ws/build/barcode_scanner/build/lib/barcode_scanner/__init__.py -> /home/sahil-dev/Sereact/bin-picking-cell-control/ros_ws/install/barcode_scanner/lib/python3.10/site-packages/barcode_scanner
[1.042s] byte-compiling /home/sahil-dev/Sereact/bin-picking-cell-control/ros_ws/install/barcode_scanner/lib/python3.10/site-packages/barcode_scanner/scanner_node.py to scanner_node.cpython-310.pyc
[1.042s] byte-compiling /home/sahil-dev/Sereact/bin-picking-cell-control/ros_ws/install/barcode_scanner/lib/python3.10/site-packages/barcode_scanner/__init__.py to __init__.cpython-310.pyc
[1.042s] running install_data
[1.042s] creating /home/sahil-dev/Sereact/bin-picking-cell-control/ros_ws/install/barcode_scanner/share/ament_index
[1.042s] creating /home/sahil-dev/Sereact/bin-picking-cell-control/ros_ws/install/barcode_scanner/share/ament_index/resource_index
[1.042s] creating /home/sahil-dev/Sereact/bin-picking-cell-control/ros_ws/install/barcode_scanner/share/ament_index/resource_index/packages
[1.042s] copying resource/barcode_scanner -> /home/sahil-dev/Sereact/bin-picking-cell-control/ros_ws/install/barcode_scanner/share/ament_index/resource_index/packages
[1.042s] copying package.xml -> /home/sahil-dev/Sereact/bin-picking-cell-control/ros_ws/install/barcode_scanner/share/barcode_scanner
[1.042s] running install_egg_info
[1.043s] Copying ../../build/barcode_scanner/barcode_scanner.egg-info to /home/sahil-dev/Sereact/bin-picking-cell-control/ros_ws/install/barcode_scanner/lib/python3.10/site-packages/barcode_scanner-0.0.0-py3.10.egg-info
[1.044s] running install_scripts
[1.058s] writing list of installed files to '/home/sahil-dev/Sereact/bin-picking-cell-control/ros_ws/build/barcode_scanner/install.log'
[1.093s] Invoked command in '/home/sahil-dev/Sereact/bin-picking-cell-control/ros_ws/src/barcode_scanner' returned '0': PYTHONPATH=/home/sahil-dev/Sereact/bin-picking-cell-control/ros_ws/build/barcode_scanner/prefix_override:/usr/lib/python3/dist-packages/colcon_core/task/python/colcon_distutils_commands:/home/sahil-dev/Sereact/bin-picking-cell-control/ros_ws/install/barcode_scanner/lib/python3.10/site-packages:${PYTHONPATH} /usr/bin/python3 -W ignore:setup.py install is deprecated -W ignore:easy_install command is deprecated setup.py egg_info --egg-base ../../build/barcode_scanner build --build-base /home/sahil-dev/Sereact/bin-picking-cell-control/ros_ws/build/barcode_scanner/build install --record /home/sahil-dev/Sereact/bin-picking-cell-control/ros_ws/build/barcode_scanner/install.log --single-version-externally-managed install_data
