[0.862s] Invoking command in '/home/sahil-dev/Sereact/bin-picking-cell-control/ros_ws/src/stack_light': PYTHONPATH=/home/sahil-dev/Sereact/bin-picking-cell-control/ros_ws/build/stack_light/prefix_override:/usr/lib/python3/dist-packages/colcon_core/task/python/colcon_distutils_commands:/home/sahil-dev/Sereact/bin-picking-cell-control/ros_ws/install/stack_light/lib/python3.10/site-packages:${PYTHONPATH} /usr/bin/python3 -W ignore:setup.py install is deprecated -W ignore:easy_install command is deprecated setup.py egg_info --egg-base ../../build/stack_light build --build-base /home/sahil-dev/Sereact/bin-picking-cell-control/ros_ws/build/stack_light/build install --record /home/sahil-dev/Sereact/bin-picking-cell-control/ros_ws/build/stack_light/install.log --single-version-externally-managed install_data
[1.023s] running egg_info
[1.023s] writing ../../build/stack_light/stack_light.egg-info/PKG-INFO
[1.023s] writing dependency_links to ../../build/stack_light/stack_light.egg-info/dependency_links.txt
[1.024s] writing entry points to ../../build/stack_light/stack_light.egg-info/entry_points.txt
[1.024s] writing requirements to ../../build/stack_light/stack_light.egg-info/requires.txt
[1.024s] writing top-level names to ../../build/stack_light/stack_light.egg-info/top_level.txt
[1.025s] reading manifest file '../../build/stack_light/stack_light.egg-info/SOURCES.txt'
[1.025s] writing manifest file '../../build/stack_light/stack_light.egg-info/SOURCES.txt'
[1.025s] running build
[1.026s] running build_py
[1.026s] running install
[1.026s] running install_lib
[1.027s] running install_data
[1.027s] running install_egg_info
[1.028s] removing '/home/sahil-dev/Sereact/bin-picking-cell-control/ros_ws/install/stack_light/lib/python3.10/site-packages/stack_light-0.0.0-py3.10.egg-info' (and everything under it)
[1.029s] Copying ../../build/stack_light/stack_light.egg-info to /home/sahil-dev/Sereact/bin-picking-cell-control/ros_ws/install/stack_light/lib/python3.10/site-packages/stack_light-0.0.0-py3.10.egg-info
[1.029s] running install_scripts
[1.045s] Installing light_node script to /home/sahil-dev/Sereact/bin-picking-cell-control/ros_ws/install/stack_light/lib/stack_light
[1.045s] writing list of installed files to '/home/sahil-dev/Sereact/bin-picking-cell-control/ros_ws/build/stack_light/install.log'
[1.094s] Invoked command in '/home/sahil-dev/Sereact/bin-picking-cell-control/ros_ws/src/stack_light' returned '0': PYTHONPATH=/home/sahil-dev/Sereact/bin-picking-cell-control/ros_ws/build/stack_light/prefix_override:/usr/lib/python3/dist-packages/colcon_core/task/python/colcon_distutils_commands:/home/sahil-dev/Sereact/bin-picking-cell-control/ros_ws/install/stack_light/lib/python3.10/site-packages:${PYTHONPATH} /usr/bin/python3 -W ignore:setup.py install is deprecated -W ignore:easy_install command is deprecated setup.py egg_info --egg-base ../../build/stack_light build --build-base /home/sahil-dev/Sereact/bin-picking-cell-control/ros_ws/build/stack_light/build install --record /home/sahil-dev/Sereact/bin-picking-cell-control/ros_ws/build/stack_light/install.log --single-version-externally-managed install_data
